<?xml version="1.0" encoding="UTF-8"?>
<!-- Generated by org.testng.reporters.JUnitXMLReporter -->
<testsuite ignored="0" hostname="LAPTOP-1D9IH3VE" failures="1" tests="1" name="Test" time="42.311" errors="0" timestamp="2023-05-29T21:08:40 IST">
  <testcase classname="Practice.Base_Test" name="@AfterMethod closeApp" time="0.004">
    <failure type="java.lang.Error" message="Unresolved compilation problem: 
	Unhandled exception type IOException
">
      <![CDATA[java.lang.Error: Unresolved compilation problem: 
Unhandled exception type IOException

at Practice.Base_Test.closeApp(Base_Test.java:30)
at java.base/java.util.ArrayList.forEach(ArrayList.java:1511)
... Removed 32 stack frames]]>
    </failure>
  </testcase> <!-- @AfterMethod closeApp -->
  <testcase classname="Practice.Runner_Youtube" name="run" time="9.78">
    <failure type="java.lang.AssertionError" message="null">
      <![CDATA[java.lang.AssertionError: null
at Practice.Runner_Youtube.run(Runner_Youtube.java:20)
at java.base/java.util.ArrayList.forEach(ArrayList.java:1511)
... Removed 29 stack frames]]>
    </failure>
  </testcase> <!-- run -->
</testsuite> <!-- Test -->
